<?xml version="1.0" encoding="utf-8" standalone="no"?>
<test-run id="2" testcasecount="2" result="Passed" total="2" passed="2" failed="0" inconclusive="0" skipped="0" asserts="2" engine-version="3.8.0.0" clr-version="4.0.30319.42000" start-time="2018-09-10 16:26:41Z" end-time="2018-09-10 16:28:14Z" duration="92.872674">
  <command-line><![CDATA["C:\ProgramData\chocolatey\lib\nunit-console-runner\tools\nunit3-console.exe" "C:\Users\anuradha\source\repos\InterviewDemoProjects\DemoProjectSeleniumModified\DemoProjectSeleniumModified\bin\Debug\DemoProjectSeleniumModified.dll"]]></command-line>
  <test-suite type="Assembly" id="0-1003" name="DemoProjectSeleniumModified.dll" fullname="C:\Users\anuradha\source\repos\InterviewDemoProjects\DemoProjectSeleniumModified\DemoProjectSeleniumModified\bin\Debug\DemoProjectSeleniumModified.dll" runstate="Runnable" testcasecount="2" result="Passed" start-time="2018-09-10 16:26:43Z" end-time="2018-09-10 16:28:13Z" duration="89.972508" total="2" passed="2" failed="0" warnings="0" inconclusive="0" skipped="0" asserts="2">
    <environment framework-version="3.10.1.0" clr-version="4.0.30319.42000" os-version="Microsoft Windows NT 10.0.17134.0" platform="Win32NT" cwd="C:\Program Files (x86)\Jenkins\workspace\ModifiedDemoProjectFreeStyle" machine-name="LAPTOP-2IUS27P4" user="SYSTEM" user-domain="WORKGROUP" culture="en-US" uiculture="en-US" os-architecture="x64" />
    <settings>
      <setting name="DisposeRunners" value="True" />
      <setting name="WorkDirectory" value="C:\Program Files (x86)\Jenkins\workspace\ModifiedDemoProjectFreeStyle" />
      <setting name="ImageRuntimeVersion" value="4.0.30319" />
      <setting name="ImageTargetFrameworkName" value=".NETFramework,Version=v4.6.1" />
      <setting name="ImageRequiresX86" value="False" />
      <setting name="ImageRequiresDefaultAppDomainAssemblyResolver" value="False" />
      <setting name="NumberOfTestWorkers" value="4" />
    </settings>
    <properties>
      <property name="_PID" value="11820" />
      <property name="_APPDOMAIN" value="domain-" />
    </properties>
    <test-suite type="TestSuite" id="0-1004" name="DemoProjectSeleniumModified" fullname="DemoProjectSeleniumModified" runstate="Runnable" testcasecount="2" result="Passed" start-time="2018-09-10 16:26:44Z" end-time="2018-09-10 16:28:13Z" duration="89.772269" total="2" passed="2" failed="0" warnings="0" inconclusive="0" skipped="0" asserts="2">
      <test-suite type="TestSuite" id="0-1005" name="TestCases" fullname="DemoProjectSeleniumModified.TestCases" runstate="Runnable" testcasecount="2" result="Passed" start-time="2018-09-10 16:26:44Z" end-time="2018-09-10 16:28:13Z" duration="89.770903" total="2" passed="2" failed="0" warnings="0" inconclusive="0" skipped="0" asserts="2">
        <test-suite type="TestFixture" id="0-1000" name="TestClass" fullname="DemoProjectSeleniumModified.TestCases.TestClass" classname="DemoProjectSeleniumModified.TestCases.TestClass" runstate="Runnable" testcasecount="2" result="Passed" start-time="2018-09-10 16:26:44Z" end-time="2018-09-10 16:28:13Z" duration="89.759770" total="2" passed="2" failed="0" warnings="0" inconclusive="0" skipped="0" asserts="2">
          <test-case id="0-1001" name="ExecuteTest" fullname="DemoProjectSeleniumModified.TestCases.TestClass.ExecuteTest" methodname="ExecuteTest" classname="DemoProjectSeleniumModified.TestCases.TestClass" runstate="Runnable" seed="2089858861" result="Passed" start-time="2018-09-10 16:26:44Z" end-time="2018-09-10 16:28:00Z" duration="76.374935" asserts="1">
            <output><![CDATA[Opened URL and clicked Login Page
1. Starting
2. Authentication loaded
3. Sign In Done
4. Search Done
Inside Constructor : Checkout
5. Added to cart
Inside CompleteTransaction
Element (id = 0.6939898221022665-1)
After First Click and Sleep
Element (id = 0.5898443165949896-1)
After second click and sleep
Element (id = 0.847825143181514-1)
Accept terms
Clicking check box Element (id = 0.847825143181514-2)
Pay check
Element (id = 0.08420530793314263-1)
Confirm Order
Checkout button Element (id = 0.23684038386421213-1)
6. Proceed to checkout
Element (id = 0.34354351437397135-1)
Closed the browser
]]></output>
          </test-case>
          <test-case id="0-1002" name="IncorrectUserIdOrPassword" fullname="DemoProjectSeleniumModified.TestCases.TestClass.IncorrectUserIdOrPassword" methodname="IncorrectUserIdOrPassword" classname="DemoProjectSeleniumModified.TestCases.TestClass" runstate="Runnable" seed="846312746" result="Passed" start-time="2018-09-10 16:28:00Z" end-time="2018-09-10 16:28:13Z" duration="13.336970" asserts="1">
            <output><![CDATA[Opened URL and clicked Login Page
Authentication failed.
True
Closed the browser
]]></output>
          </test-case>
        </test-suite>
      </test-suite>
    </test-suite>
  </test-suite>
</test-run>